
Sat Aug 21 19:31:40 2010
:: **************** Running jusched ****************

Sat Aug 21 19:31:40 2010
:: Started UpdateChecker process Successfully:C:\Program Files\Common Files\Java\Java Update\jucheck.exe

Sat Aug 21 19:31:40 2010
:: JavaUpdate NextSchedTime=Tue Sep 07 01:40:00 2010
JavaFXUpdate NextSchedTime=Wed Aug 25 22:53:00 2010
JavaFX: lastSchedTime=Wed Aug 18 22:53:00 2010
JavaFX: nextSchedTime=Wed Aug 25 22:53:00 2010
JavaFX: sleeptime (sec=357710, hours=99)
actual sleep time=357710114 msecs (99:21:50) for JavaFX

Sat Aug 21 19:31:40 2010
:: No cntry-lookup tag in map.xml
Sat Aug 21 19:31:40 2010
:: OVERRIDE SYSTEM VALUE==0:OS:winxp-sp3,Arch:i586,Version:1.6.0_18-b07,Locale:en,Cntry:YY

Sat Aug 21 19:31:40 2010
:: http://javadl-esd.sun.com/update/1.6.0/au-descriptor-1.6.0_21-b73.xml
Sat Aug 21 19:31:40 2010
:: 
Sat Aug 21 19:31:40 2010
:: Registry is changed.

Sat Aug 21 19:31:40 2010
:: JavaUpdate NextSchedTime=Tue Sep 07 01:40:00 2010
JavaFXUpdate NextSchedTime=Wed Aug 25 22:53:00 2010
JavaFX: lastSchedTime=Wed Aug 18 22:53:00 2010
JavaFX: nextSchedTime=Wed Aug 25 22:53:00 2010
JavaFX: sleeptime (sec=357694, hours=99)
actual sleep time=357694260 msecs (99:21:34) for JavaFX

Sat Aug 21 19:31:40 2010
:: Registry is changed.

Sat Aug 21 19:31:40 2010
:: JavaUpdate NextSchedTime=Tue Sep 07 01:40:00 2010
JavaFXUpdate NextSchedTime=Wed Aug 25 22:53:00 2010
JavaFX: lastSchedTime=Wed Aug 18 22:53:00 2010
JavaFX: nextSchedTime=Wed Aug 25 22:53:00 2010
JavaFX: sleeptime (sec=357691, hours=99)
actual sleep time=357691908 msecs (99:21:31) for JavaFX

Sat Aug 21 19:31:41 2010
:: 
Sat Aug 21 19:31:41 2010
:: Registry is changed.

Sat Aug 21 19:31:41 2010
:: JavaUpdate NextSchedTime=Tue Sep 07 01:40:00 2010
JavaFXUpdate NextSchedTime=Wed Aug 25 22:53:00 2010
JavaFX: lastSchedTime=Wed Aug 18 22:53:00 2010
JavaFX: nextSchedTime=Wed Aug 25 22:53:00 2010
JavaFX: sleeptime (sec=357699, hours=99)
actual sleep time=357699500 msecs (99:21:39) for JavaFX

Sat Aug 21 19:31:41 2010
:: Registry is changed.

Sat Aug 21 19:31:41 2010
:: JavaUpdate NextSchedTime=Tue Sep 07 01:40:00 2010
JavaFXUpdate NextSchedTime=Wed Aug 25 22:53:00 2010
JavaFX: lastSchedTime=Wed Aug 18 22:53:00 2010
JavaFX: nextSchedTime=Wed Aug 25 22:53:00 2010
JavaFX: sleeptime (sec=357692, hours=99)
actual sleep time=357692994 msecs (99:21:32) for JavaFX

Sat Aug 21 19:31:41 2010
:: Save Country Code XX after GetCountry() 
Sat Aug 21 19:31:41 2010
:: Registry is changed.

Sat Aug 21 19:31:41 2010
:: JavaUpdate NextSchedTime=Tue Sep 07 01:40:00 2010
JavaFXUpdate NextSchedTime=Wed Aug 25 22:53:00 2010
JavaFX: lastSchedTime=Wed Aug 18 22:53:00 2010
JavaFX: nextSchedTime=Wed Aug 25 22:53:00 2010
JavaFX: sleeptime (sec=357680, hours=99)
actual sleep time=357680318 msecs (99:21:20) for JavaFX

Sat Aug 21 19:31:41 2010
:: Registry is changed.

Sat Aug 21 19:31:41 2010
:: JavaUpdate NextSchedTime=Tue Sep 07 01:40:00 2010
JavaFXUpdate NextSchedTime=Wed Aug 25 22:53:00 2010
JavaFX: lastSchedTime=Wed Aug 18 22:53:00 2010
JavaFX: nextSchedTime=Wed Aug 25 22:53:00 2010
JavaFX: sleeptime (sec=357711, hours=99)
actual sleep time=357711486 msecs (99:21:51) for JavaFX

Sat Aug 21 21:48:25 2010
:: **************** Running jusched ****************

Sat Aug 21 21:48:25 2010
:: Started UpdateChecker process Successfully:C:\Program Files\Common Files\Java\Java Update\jucheck.exe

Sat Aug 21 21:48:25 2010
:: JavaUpdate NextSchedTime=Tue Sep 07 01:40:00 2010
JavaFXUpdate NextSchedTime=Wed Aug 25 22:53:00 2010
JavaFX: lastSchedTime=Wed Aug 18 22:53:00 2010
JavaFX: nextSchedTime=Wed Aug 25 22:53:00 2010
JavaFX: sleeptime (sec=349484, hours=97)
actual sleep time=349484332 msecs (97:04:44) for JavaFX

Sat Aug 21 21:48:25 2010
:: Registry is changed.

Sat Aug 21 21:48:25 2010
:: JavaUpdate NextSchedTime=Tue Sep 07 01:40:00 2010
JavaFXUpdate NextSchedTime=Wed Aug 25 22:53:00 2010
JavaFX: lastSchedTime=Wed Aug 18 22:53:00 2010
JavaFX: nextSchedTime=Wed Aug 25 22:53:00 2010
JavaFX: sleeptime (sec=349501, hours=97)
actual sleep time=349501549 msecs (97:05:01) for JavaFX

Sat Aug 21 21:48:25 2010
:: Registry is changed.

Sat Aug 21 21:48:25 2010
:: JavaUpdate NextSchedTime=Tue Sep 07 01:40:00 2010
JavaFXUpdate NextSchedTime=Wed Aug 25 22:53:00 2010
JavaFX: lastSchedTime=Wed Aug 18 22:53:00 2010
JavaFX: nextSchedTime=Wed Aug 25 22:53:00 2010
JavaFX: sleeptime (sec=349494, hours=97)
actual sleep time=349494783 msecs (97:04:54) for JavaFX

Sat Aug 21 21:48:26 2010
:: No cntry-lookup tag in map.xml
Sat Aug 21 21:48:26 2010
:: OVERRIDE SYSTEM VALUE==0:OS:winxp-sp3,Arch:i586,Version:1.6.0_18-b07,Locale:en,Cntry:YY

Sat Aug 21 21:48:26 2010
:: http://javadl-esd.sun.com/update/1.6.0/au-descriptor-1.6.0_21-b73.xml
Sat Aug 21 21:48:26 2010
:: Registry is changed.

Sat Aug 21 21:48:26 2010
:: JavaUpdate NextSchedTime=Tue Sep 07 01:40:00 2010
JavaFXUpdate NextSchedTime=Wed Aug 25 22:53:00 2010
JavaFX: lastSchedTime=Wed Aug 18 22:53:00 2010
JavaFX: nextSchedTime=Wed Aug 25 22:53:00 2010
JavaFX: sleeptime (sec=349495, hours=97)
actual sleep time=349495154 msecs (97:04:55) for JavaFX

Sat Aug 21 21:48:26 2010
:: Registry is changed.
tor XML Data

Sat Aug 21 21:48:26 2010
:: JavaUpdate NextSchedTime=Tue Sep 07 01:40:00 2010
JavaFXUpdate NextSchedTime=Wed Aug 25 22:53:00 2010
JavaFX: lastSchedTime=Wed Aug 18 22:53:00 2010
JavaFX: nextSchedTime=Wed Aug 25 22:53:00 2010
JavaFX: sleeptime (sec=349505, hours=97)
actual sleep time=349505818 msecs (97:05:05) for JavaFX

Sat Aug 21 21:48:26 2010
:: Registry is changed.

Sat Aug 21 21:48:26 2010
:: JavaUpdate NextSchedTime=Tue Sep 07 01:40:00 2010
JavaFXUpdate NextSchedTime=Wed Aug 25 22:53:00 2010
JavaFX: lastSchedTime=Wed Aug 18 22:53:00 2010
JavaFX: nextSchedTime=Wed Aug 25 22:53:00 2010
JavaFX: sleeptime (sec=349476, hours=97)
actual sleep time=349476272 msecs (97:04:36) for JavaFX

Sat Aug 21 21:48:26 2010
:: 
Sat Aug 21 21:48:26 2010
:: Registry is changed.

Sat Aug 21 21:48:26 2010
:: JavaUpdate NextSchedTime=Tue Sep 07 01:40:00 2010
JavaFXUpdate NextSchedTime=Wed Aug 25 22:53:00 2010
JavaFX: lastSchedTime=Wed Aug 18 22:53:00 2010
JavaFX: nextSchedTime=Wed Aug 25 22:53:00 2010
JavaFX: sleeptime (sec=349478, hours=97)
actual sleep time=349478500 msecs (97:04:38) for JavaFX

Sat Aug 21 21:48:26 2010
:: Registry is changed.

Sat Aug 21 21:48:26 2010
:: JavaUpdate NextSchedTime=Tue Sep 07 01:40:00 2010
JavaFXUpdate NextSchedTime=Wed Aug 25 22:53:00 2010
JavaFX: lastSchedTime=Wed Aug 18 22:53:00 2010
JavaFX: nextSchedTime=Wed Aug 25 22:53:00 2010
JavaFX: sleeptime (sec=349485, hours=97)
actual sleep time=349485086 msecs (97:04:45) for JavaFX

Sun Aug 22 22:14:01 2010
:: **************** Running jusched ****************

Sun Aug 22 22:14:01 2010
:: Started UpdateChecker process Successfully:C:\Program Files\Common Files\Java\Java Update\jucheck.exe

Sun Aug 22 22:14:01 2010
:: JavaUpdate NextSchedTime=Tue Sep 07 01:40:00 2010
JavaFXUpdate NextSchedTime=Wed Aug 25 22:53:00 2010
JavaFX: lastSchedTime=Wed Aug 18 22:53:00 2010
JavaFX: nextSchedTime=Wed Aug 25 22:53:00 2010
JavaFX: sleeptime (sec=261560, hours=72)
actual sleep time=261560004 msecs (72:39:20) for JavaFX

Sun Aug 22 22:14:01 2010
:: Registry is changed.

Sun Aug 22 22:14:01 2010
:: JavaUpdate NextSchedTime=Tue Sep 07 01:40:00 2010
JavaFXUpdate NextSchedTime=Wed Aug 25 22:53:00 2010
JavaFX: lastSchedTime=Wed Aug 18 22:53:00 2010
JavaFX: nextSchedTime=Wed Aug 25 22:53:00 2010
JavaFX: sleeptime (sec=261570, hours=72)
actual sleep time=261570738 msecs (72:39:30) for JavaFX

Sun Aug 22 22:14:01 2010
:: Registry is changed.

Sun Aug 22 22:14:01 2010
:: JavaUpdate NextSchedTime=Tue Sep 07 01:40:00 2010
JavaFXUpdate NextSchedTime=Wed Aug 25 22:53:00 2010
JavaFX: lastSchedTime=Wed Aug 18 22:53:00 2010
JavaFX: nextSchedTime=Wed Aug 25 22:53:00 2010
JavaFX: sleeptime (sec=261550, hours=72)
actual sleep time=261550517 msecs (72:39:10) for JavaFX

Sun Aug 22 22:14:01 2010
:: No cntry-lookup tag in map.xml
Sun Aug 22 22:14:01 2010
:: OVERRIDE SYSTEM VALUE==0:OS:winxp-sp3,Arch:i586,Version:1.6.0_18-b07,Locale:en,Cntry:YY

Sun Aug 22 22:14:01 2010
:: http://javadl-esd.sun.com/update/1.6.0/au-descriptor-1.6.0_21-b73.xml
Sun Aug 22 22:14:01 2010
:: Registry is changed.

Sun Aug 22 22:14:01 2010
:: JavaUpdate NextSchedTime=Tue Sep 07 01:40:00 2010
JavaFXUpdate NextSchedTime=Wed Aug 25 22:53:00 2010
JavaFX: lastSchedTime=Wed Aug 18 22:53:00 2010
JavaFX: nextSchedTime=Wed Aug 25 22:53:00 2010
JavaFX: sleeptime (sec=261539, hours=72)
actual sleep time=261539949 msecs (72:38:59) for JavaFX

Sun Aug 22 22:14:01 2010
:: Saving Update Descriptor XML Data

Sun Aug 22 22:14:01 2010
:: Registry is changed.

Sun Aug 22 22:14:01 2010
:: JavaUpdate NextSchedTime=Tue Sep 07 01:40:00 2010
JavaFXUpdate NextSchedTime=Wed Aug 25 22:53:00 2010
JavaFX: lastSchedTime=Wed Aug 18 22:53:00 2010
JavaFX: nextSchedTime=Wed Aug 25 22:53:00 2010
JavaFX: sleeptime (sec=261540, hours=72)
actual sleep time=261540798 msecs (72:39:00) for JavaFX

Sun Aug 22 22:14:01 2010
:: Registry is changed.

Sun Aug 22 22:14:01 2010
:: JavaUpdate NextSchedTime=Tue Sep 07 01:40:00 2010
JavaFXUpdate NextSchedTime=Wed Aug 25 22:53:00 2010
JavaFX: lastSchedTime=Wed Aug 18 22:53:00 2010
JavaFX: nextSchedTime=Wed Aug 25 22:53:00 2010
JavaFX: sleeptime (sec=261547, hours=72)
actual sleep time=261547934 msecs (72:39:07) for JavaFX

Sun Aug 22 22:14:02 2010
:: Registry is changed.
after GetCountry() 
Sun Aug 22 22:14:02 2010
:: JavaUpdate NextSchedTime=Tue Sep 07 01:40:00 2010
JavaFXUpdate NextSchedTime=Wed Aug 25 22:53:00 2010
JavaFX: lastSchedTime=Wed Aug 18 22:53:00 2010
JavaFX: nextSchedTime=Wed Aug 25 22:53:00 2010
JavaFX: sleeptime (sec=261562, hours=72)
actual sleep time=261562725 msecs (72:39:22) for JavaFX

Sun Aug 22 22:14:02 2010
:: Registry is changed.

Sun Aug 22 22:14:02 2010
:: JavaUpdate NextSchedTime=Tue Sep 07 01:40:00 2010
JavaFXUpdate NextSchedTime=Wed Aug 25 22:53:00 2010
JavaFX: lastSchedTime=Wed Aug 18 22:53:00 2010
JavaFX: nextSchedTime=Wed Aug 25 22:53:00 2010
JavaFX: sleeptime (sec=261561, hours=72)
actual sleep time=261561937 msecs (72:39:21) for JavaFX

Wed Aug 25 22:53:24 2010
:: Timeout occured.  Run JavaFX update now.

Wed Aug 25 22:53:24 2010
:: Started JavaFX Update process Command:C:\Program Files\Java\jre6\bin\javaws.exe  -silent -import -reverse -javafxau -system -J-Dkernel.download.dialog=false ""http://dl.javafx.com/javafx-cache.jnlp"" 

Wed Aug 25 22:53:24 2010
:: Started AuCheck process Command:jaucheck.exe 
AuCheck Process Create Return:1 Error:0

Wed Aug 25 22:53:24 2010
:: JavaUpdate NextSchedTime=Tue Sep 07 01:40:00 2010
JavaFXUpdate NextSchedTime=Wed Sep 01 22:53:00 2010
JavaFX: lastSchedTime=Wed Aug 25 22:53:00 2010
JavaFX: nextSchedTime=Wed Sep 01 22:53:00 2010
JavaFX: sleeptime (sec=604800, hours=168)
actual sleep time=604800172 msecs (168:00:00) for JavaFX
